c:\gamedevelopement\github\301cr\301cr\301cr\301cr\301cr\leveleditor\x64\debug\vc142.pdb
c:\gamedevelopement\github\301cr\301cr\301cr\301cr\301cr\leveleditor\x64\debug\vc142.idb
c:\gamedevelopement\github\301cr\301cr\301cr\301cr\301cr\leveleditor\x64\debug\vector3.obj
c:\gamedevelopement\github\301cr\301cr\301cr\301cr\301cr\leveleditor\x64\debug\subsystem.obj
c:\gamedevelopement\github\301cr\301cr\301cr\301cr\301cr\leveleditor\x64\debug\main.obj
c:\gamedevelopement\github\301cr\301cr\301cr\301cr\301cr\leveleditor\x64\debug\leveleditor.obj
c:\gamedevelopement\github\301cr\301cr\301cr\301cr\301cr\leveleditor\x64\debug\graphicsevent.obj
c:\gamedevelopement\github\301cr\301cr\301cr\301cr\301cr\leveleditor\x64\debug\graphics.obj
c:\gamedevelopement\github\301cr\301cr\301cr\301cr\301cr\leveleditor\x64\debug\event.obj
c:\gamedevelopement\github\301cr\301cr\301cr\301cr\301cr\leveleditor\x64\debug\assetloader.obj
c:\gamedevelopement\github\301cr\301cr\301cr\301cr\301cr\leveleditor\x64\debug\irrimguiinject.obj
c:\gamedevelopement\github\301cr\301cr\301cr\301cr\301cr\leveleditor\x64\debug\ireferencecounter.obj
c:\gamedevelopement\github\301cr\301cr\301cr\301cr\301cr\leveleditor\x64\debug\imguihelper.obj
c:\gamedevelopement\github\301cr\301cr\301cr\301cr\301cr\leveleditor\x64\debug\iimguidriver.obj
c:\gamedevelopement\github\301cr\301cr\301cr\301cr\301cr\leveleditor\x64\debug\copenglimguidriver.obj
c:\gamedevelopement\github\301cr\301cr\301cr\301cr\301cr\leveleditor\x64\debug\cirrlichtimguidriver.obj
c:\gamedevelopement\github\301cr\301cr\301cr\301cr\301cr\leveleditor\x64\debug\cimguihandle.obj
c:\gamedevelopement\github\301cr\301cr\301cr\301cr\301cr\leveleditor\x64\debug\cimguieventreceiver.obj
c:\gamedevelopement\github\301cr\301cr\301cr\301cr\301cr\leveleditor\x64\debug\cguitexture.obj
c:\gamedevelopement\github\301cr\301cr\301cr\301cr\301cr\leveleditor\x64\debug\ccharfifo.obj
c:\gamedevelopement\github\301cr\301cr\301cr\301cr\301cr\leveleditor\x64\debug\cchannelbuffer.obj
c:\gamedevelopement\github\301cr\301cr\301cr\301cr\301cr\leveleditor\x64\debug\cbasicmemoryleakdetection.obj
c:\gamedevelopement\github\301cr\301cr\301cr\301cr\301cr\leveleditor\x64\debug\unittest.obj
c:\gamedevelopement\github\301cr\301cr\301cr\301cr\301cr\leveleditor\x64\debug\imgui_draw.obj
c:\gamedevelopement\github\301cr\301cr\301cr\301cr\301cr\leveleditor\x64\debug\imgui_demo.obj
c:\gamedevelopement\github\301cr\301cr\301cr\301cr\301cr\leveleditor\x64\debug\imgui.obj
c:\gamedevelopement\github\301cr\301cr\301cr\301cr\301cr\x64\debug\leveleditor.lib
c:\gamedevelopement\github\301cr\301cr\301cr\301cr\301cr\x64\debug\leveleditor.exp
c:\gamedevelopement\github\301cr\301cr\301cr\301cr\301cr\x64\debug\leveleditor.exe
c:\gamedevelopement\github\301cr\301cr\301cr\301cr\301cr\leveleditor\x64\debug\leveleditor.ilk
c:\gamedevelopement\github\301cr\301cr\301cr\301cr\301cr\x64\debug\leveleditor.pdb
c:\gamedevelopement\github\301cr\301cr\301cr\301cr\301cr\leveleditor\x64\debug\leveleditor.tlog\cl.command.1.tlog
c:\gamedevelopement\github\301cr\301cr\301cr\301cr\301cr\leveleditor\x64\debug\leveleditor.tlog\cl.read.1.tlog
c:\gamedevelopement\github\301cr\301cr\301cr\301cr\301cr\leveleditor\x64\debug\leveleditor.tlog\cl.write.1.tlog
c:\gamedevelopement\github\301cr\301cr\301cr\301cr\301cr\leveleditor\x64\debug\leveleditor.tlog\leveleditor.write.1u.tlog
c:\gamedevelopement\github\301cr\301cr\301cr\301cr\301cr\leveleditor\x64\debug\leveleditor.tlog\link.command.1.tlog
c:\gamedevelopement\github\301cr\301cr\301cr\301cr\301cr\leveleditor\x64\debug\leveleditor.tlog\link.delete.1.tlog
c:\gamedevelopement\github\301cr\301cr\301cr\301cr\301cr\leveleditor\x64\debug\leveleditor.tlog\link.read.1.tlog
c:\gamedevelopement\github\301cr\301cr\301cr\301cr\301cr\leveleditor\x64\debug\leveleditor.tlog\link.write.1.tlog
